0 info it worked if it ends with ok
1 verbose cli [ '/opt/nodeJS/bin/node', '/opt/nodeJS/bin/npm', 'install' ]
2 info using npm@3.10.5
3 info using node@v4.4.7
4 silly loadCurrentTree Starting
5 silly install loadCurrentTree
6 silly install readLocalPackageData
7 silly install normalizeTree
8 silly loadCurrentTree Finishing
9 silly loadIdealTree Starting
10 silly install loadIdealTree
11 silly cloneCurrentTree Starting
12 silly install cloneCurrentTreeToIdealTree
13 silly cloneCurrentTree Finishing
14 silly loadShrinkwrap Starting
15 silly install loadShrinkwrap
16 silly loadShrinkwrap Finishing
17 silly loadAllDepsIntoIdealTree Starting
18 silly install loadAllDepsIntoIdealTree
19 silly fetchNamedPackageData bcrypt
20 silly mapToRegistry name bcrypt
21 silly mapToRegistry using default registry
22 silly mapToRegistry registry https://registry.npmjs.org/
23 silly mapToRegistry data Result {
23 silly mapToRegistry   raw: 'bcrypt',
23 silly mapToRegistry   scope: null,
23 silly mapToRegistry   escapedName: 'bcrypt',
23 silly mapToRegistry   name: 'bcrypt',
23 silly mapToRegistry   rawSpec: '',
23 silly mapToRegistry   spec: 'latest',
23 silly mapToRegistry   type: 'tag' }
24 silly mapToRegistry uri https://registry.npmjs.org/bcrypt
25 verbose request uri https://registry.npmjs.org/bcrypt
26 verbose request no auth needed
27 info attempt registry request try #1 at 1:01:35 AM
28 verbose request id dd5123175279441a
29 verbose etag W/"586833ed-16d17"
30 verbose lastModified Sat, 31 Dec 2016 22:40:45 GMT
31 http request GET https://registry.npmjs.org/bcrypt
32 http 304 https://registry.npmjs.org/bcrypt
33 verbose headers { date: 'Mon, 02 Jan 2017 01:01:50 GMT',
33 verbose headers   via: '1.1 varnish',
33 verbose headers   'cache-control': 'max-age=300',
33 verbose headers   etag: 'W/"586833ed-16d17"',
33 verbose headers   age: '286',
33 verbose headers   connection: 'keep-alive',
33 verbose headers   'x-served-by': 'cache-lhr6351-LHR',
33 verbose headers   'x-cache': 'HIT',
33 verbose headers   'x-cache-hits': '1',
33 verbose headers   'x-timer': 'S1483318910.142387,VS0,VE0',
33 verbose headers   vary: 'Accept-Encoding' }
34 silly get cb [ 304,
34 silly get   { date: 'Mon, 02 Jan 2017 01:01:50 GMT',
34 silly get     via: '1.1 varnish',
34 silly get     'cache-control': 'max-age=300',
34 silly get     etag: 'W/"586833ed-16d17"',
34 silly get     age: '286',
34 silly get     connection: 'keep-alive',
34 silly get     'x-served-by': 'cache-lhr6351-LHR',
34 silly get     'x-cache': 'HIT',
34 silly get     'x-cache-hits': '1',
34 silly get     'x-timer': 'S1483318910.142387,VS0,VE0',
34 silly get     vary: 'Accept-Encoding' } ]
35 verbose etag https://registry.npmjs.org/bcrypt from cache
36 verbose get saving bcrypt to /root/.npm/registry.npmjs.org/bcrypt/.cache.json
37 verbose correctMkdir /root/.npm correctMkdir not in flight; initializing
38 silly resolveWithNewModule bcrypt@0.8.7 checking installable status
39 silly cache add args [ 'bcrypt@^0.8.7', null ]
40 verbose cache add spec bcrypt@^0.8.7
41 silly cache add parsed spec Result {
41 silly cache add   raw: 'bcrypt@^0.8.7',
41 silly cache add   scope: null,
41 silly cache add   escapedName: 'bcrypt',
41 silly cache add   name: 'bcrypt',
41 silly cache add   rawSpec: '^0.8.7',
41 silly cache add   spec: '>=0.8.7 <0.9.0',
41 silly cache add   type: 'range' }
42 silly addNamed bcrypt@>=0.8.7 <0.9.0
43 verbose addNamed ">=0.8.7 <0.9.0" is a valid semver range for bcrypt
44 silly addNameRange { name: 'bcrypt', range: '>=0.8.7 <0.9.0', hasData: false }
45 silly mapToRegistry name bcrypt
46 silly mapToRegistry using default registry
47 silly mapToRegistry registry https://registry.npmjs.org/
48 silly mapToRegistry data Result {
48 silly mapToRegistry   raw: 'bcrypt',
48 silly mapToRegistry   scope: null,
48 silly mapToRegistry   escapedName: 'bcrypt',
48 silly mapToRegistry   name: 'bcrypt',
48 silly mapToRegistry   rawSpec: '',
48 silly mapToRegistry   spec: 'latest',
48 silly mapToRegistry   type: 'tag' }
49 silly mapToRegistry uri https://registry.npmjs.org/bcrypt
50 verbose addNameRange registry:https://registry.npmjs.org/bcrypt not in flight; fetching
51 verbose get https://registry.npmjs.org/bcrypt not expired, no request
52 silly addNameRange number 2 { name: 'bcrypt', range: '>=0.8.7 <0.9.0', hasData: true }
53 silly addNameRange versions [ 'bcrypt',
53 silly addNameRange   [ '0.1.2',
53 silly addNameRange     '0.2.0',
53 silly addNameRange     '0.2.1',
53 silly addNameRange     '0.1.3',
53 silly addNameRange     '0.2.2',
53 silly addNameRange     '0.2.3',
53 silly addNameRange     '0.2.4',
53 silly addNameRange     '0.3.0',
53 silly addNameRange     '0.3.1',
53 silly addNameRange     '0.3.2',
53 silly addNameRange     '0.4.0',
53 silly addNameRange     '0.4.1',
53 silly addNameRange     '0.5.0',
53 silly addNameRange     '0.6.0',
53 silly addNameRange     '0.7.0',
53 silly addNameRange     '0.7.1',
53 silly addNameRange     '0.7.2',
53 silly addNameRange     '0.7.3',
53 silly addNameRange     '0.7.4',
53 silly addNameRange     '0.7.5',
53 silly addNameRange     '0.7.6',
53 silly addNameRange     '0.7.7',
53 silly addNameRange     '0.7.8',
53 silly addNameRange     '0.8.0',
53 silly addNameRange     '0.8.1',
53 silly addNameRange     '0.8.2',
53 silly addNameRange     '0.8.3',
53 silly addNameRange     '0.8.4',
53 silly addNameRange     '0.8.5',
53 silly addNameRange     '0.8.6',
53 silly addNameRange     '0.8.7',
53 silly addNameRange     '1.0.0',
53 silly addNameRange     '1.0.1',
53 silly addNameRange     '1.0.2' ] ]
54 silly addNamed bcrypt@0.8.7
55 verbose addNamed "0.8.7" is a plain semver version for bcrypt
56 silly cache afterAdd bcrypt@0.8.7
57 verbose afterAdd /root/.npm/bcrypt/0.8.7/package/package.json not in flight; writing
58 verbose correctMkdir /root/.npm correctMkdir not in flight; initializing
59 verbose afterAdd /root/.npm/bcrypt/0.8.7/package/package.json written
60 silly fetchNamedPackageData bindings
61 silly mapToRegistry name bindings
62 silly mapToRegistry using default registry
63 silly mapToRegistry registry https://registry.npmjs.org/
64 silly mapToRegistry data Result {
64 silly mapToRegistry   raw: 'bindings',
64 silly mapToRegistry   scope: null,
64 silly mapToRegistry   escapedName: 'bindings',
64 silly mapToRegistry   name: 'bindings',
64 silly mapToRegistry   rawSpec: '',
64 silly mapToRegistry   spec: 'latest',
64 silly mapToRegistry   type: 'tag' }
65 silly mapToRegistry uri https://registry.npmjs.org/bindings
66 silly fetchNamedPackageData nan
67 silly mapToRegistry name nan
68 silly mapToRegistry using default registry
69 silly mapToRegistry registry https://registry.npmjs.org/
70 silly mapToRegistry data Result {
70 silly mapToRegistry   raw: 'nan',
70 silly mapToRegistry   scope: null,
70 silly mapToRegistry   escapedName: 'nan',
70 silly mapToRegistry   name: 'nan',
70 silly mapToRegistry   rawSpec: '',
70 silly mapToRegistry   spec: 'latest',
70 silly mapToRegistry   type: 'tag' }
71 silly mapToRegistry uri https://registry.npmjs.org/nan
72 verbose request uri https://registry.npmjs.org/nan
73 verbose request no auth needed
74 info attempt registry request try #1 at 1:01:50 AM
75 verbose etag W/"585acecf-1d7db"
76 verbose lastModified Wed, 21 Dec 2016 18:49:51 GMT
77 http request GET https://registry.npmjs.org/nan
78 verbose request uri https://registry.npmjs.org/bindings
79 verbose request no auth needed
80 info attempt registry request try #1 at 1:01:50 AM
81 verbose etag W/"580645d3-46f7"
82 verbose lastModified Tue, 18 Oct 2016 15:54:59 GMT
83 http request GET https://registry.npmjs.org/bindings
84 http 304 https://registry.npmjs.org/nan
85 verbose headers { date: 'Mon, 02 Jan 2017 01:01:50 GMT',
85 verbose headers   via: '1.1 varnish',
85 verbose headers   'cache-control': 'max-age=300',
85 verbose headers   etag: 'W/"585acecf-1d7db"',
85 verbose headers   age: '219',
85 verbose headers   connection: 'keep-alive',
85 verbose headers   'x-served-by': 'cache-lhr6351-LHR',
85 verbose headers   'x-cache': 'HIT',
85 verbose headers   'x-cache-hits': '3',
85 verbose headers   'x-timer': 'S1483318910.352346,VS0,VE0',
85 verbose headers   vary: 'Accept-Encoding' }
86 silly get cb [ 304,
86 silly get   { date: 'Mon, 02 Jan 2017 01:01:50 GMT',
86 silly get     via: '1.1 varnish',
86 silly get     'cache-control': 'max-age=300',
86 silly get     etag: 'W/"585acecf-1d7db"',
86 silly get     age: '219',
86 silly get     connection: 'keep-alive',
86 silly get     'x-served-by': 'cache-lhr6351-LHR',
86 silly get     'x-cache': 'HIT',
86 silly get     'x-cache-hits': '3',
86 silly get     'x-timer': 'S1483318910.352346,VS0,VE0',
86 silly get     vary: 'Accept-Encoding' } ]
87 verbose etag https://registry.npmjs.org/nan from cache
88 verbose get saving nan to /root/.npm/registry.npmjs.org/nan/.cache.json
89 verbose correctMkdir /root/.npm correctMkdir not in flight; initializing
90 silly resolveWithNewModule nan@2.3.5 checking installable status
91 silly cache add args [ 'nan@2.3.5', null ]
92 verbose cache add spec nan@2.3.5
93 silly cache add parsed spec Result {
93 silly cache add   raw: 'nan@2.3.5',
93 silly cache add   scope: null,
93 silly cache add   escapedName: 'nan',
93 silly cache add   name: 'nan',
93 silly cache add   rawSpec: '2.3.5',
93 silly cache add   spec: '2.3.5',
93 silly cache add   type: 'version' }
94 silly addNamed nan@2.3.5
95 verbose addNamed "2.3.5" is a plain semver version for nan
96 silly mapToRegistry name nan
97 silly mapToRegistry using default registry
98 silly mapToRegistry registry https://registry.npmjs.org/
99 silly mapToRegistry data Result {
99 silly mapToRegistry   raw: 'nan',
99 silly mapToRegistry   scope: null,
99 silly mapToRegistry   escapedName: 'nan',
99 silly mapToRegistry   name: 'nan',
99 silly mapToRegistry   rawSpec: '',
99 silly mapToRegistry   spec: 'latest',
99 silly mapToRegistry   type: 'tag' }
100 silly mapToRegistry uri https://registry.npmjs.org/nan
101 verbose addNameVersion registry:https://registry.npmjs.org/nan not in flight; fetching
102 verbose get https://registry.npmjs.org/nan not expired, no request
103 silly cache afterAdd nan@2.3.5
104 verbose afterAdd /root/.npm/nan/2.3.5/package/package.json not in flight; writing
105 verbose correctMkdir /root/.npm correctMkdir not in flight; initializing
106 verbose afterAdd /root/.npm/nan/2.3.5/package/package.json written
107 http 304 https://registry.npmjs.org/bindings
108 verbose headers { date: 'Mon, 02 Jan 2017 01:01:50 GMT',
108 verbose headers   via: '1.1 varnish',
108 verbose headers   'cache-control': 'max-age=300',
108 verbose headers   etag: 'W/"580645d3-46f7"',
108 verbose headers   age: '201',
108 verbose headers   connection: 'keep-alive',
108 verbose headers   'x-served-by': 'cache-lhr6337-LHR',
108 verbose headers   'x-cache': 'HIT',
108 verbose headers   'x-cache-hits': '1',
108 verbose headers   'x-timer': 'S1483318910.633277,VS0,VE0',
108 verbose headers   vary: 'Accept-Encoding' }
109 silly get cb [ 304,
109 silly get   { date: 'Mon, 02 Jan 2017 01:01:50 GMT',
109 silly get     via: '1.1 varnish',
109 silly get     'cache-control': 'max-age=300',
109 silly get     etag: 'W/"580645d3-46f7"',
109 silly get     age: '201',
109 silly get     connection: 'keep-alive',
109 silly get     'x-served-by': 'cache-lhr6337-LHR',
109 silly get     'x-cache': 'HIT',
109 silly get     'x-cache-hits': '1',
109 silly get     'x-timer': 'S1483318910.633277,VS0,VE0',
109 silly get     vary: 'Accept-Encoding' } ]
110 verbose etag https://registry.npmjs.org/bindings from cache
111 verbose get saving bindings to /root/.npm/registry.npmjs.org/bindings/.cache.json
112 verbose correctMkdir /root/.npm correctMkdir not in flight; initializing
113 silly resolveWithNewModule bindings@1.2.1 checking installable status
114 silly cache add args [ 'bindings@1.2.1', null ]
115 verbose cache add spec bindings@1.2.1
116 silly cache add parsed spec Result {
116 silly cache add   raw: 'bindings@1.2.1',
116 silly cache add   scope: null,
116 silly cache add   escapedName: 'bindings',
116 silly cache add   name: 'bindings',
116 silly cache add   rawSpec: '1.2.1',
116 silly cache add   spec: '1.2.1',
116 silly cache add   type: 'version' }
117 silly addNamed bindings@1.2.1
118 verbose addNamed "1.2.1" is a plain semver version for bindings
119 silly mapToRegistry name bindings
120 silly mapToRegistry using default registry
121 silly mapToRegistry registry https://registry.npmjs.org/
122 silly mapToRegistry data Result {
122 silly mapToRegistry   raw: 'bindings',
122 silly mapToRegistry   scope: null,
122 silly mapToRegistry   escapedName: 'bindings',
122 silly mapToRegistry   name: 'bindings',
122 silly mapToRegistry   rawSpec: '',
122 silly mapToRegistry   spec: 'latest',
122 silly mapToRegistry   type: 'tag' }
123 silly mapToRegistry uri https://registry.npmjs.org/bindings
124 verbose addNameVersion registry:https://registry.npmjs.org/bindings not in flight; fetching
125 verbose get https://registry.npmjs.org/bindings not expired, no request
126 silly cache afterAdd bindings@1.2.1
127 verbose afterAdd /root/.npm/bindings/1.2.1/package/package.json not in flight; writing
128 verbose correctMkdir /root/.npm correctMkdir not in flight; initializing
129 verbose afterAdd /root/.npm/bindings/1.2.1/package/package.json written
130 silly loadAllDepsIntoIdealTree Finishing
131 silly loadIdealTree Finishing
132 silly currentTree quickproject@1.0.0
132 silly currentTree ├── angular-meteor@1.3.11
132 silly currentTree ├── angular-notify@2.5.0
132 silly currentTree ├── angular-ui-router@0.3.2
132 silly currentTree ├── angular@1.6.1
132 silly currentTree ├── ansi-regex@0.2.1
132 silly currentTree ├── ansi-styles@1.1.0
132 silly currentTree ├── babel-runtime@6.20.0
132 silly currentTree ├── bootstrap@4.0.0-alpha.5
132 silly currentTree ├── chalk@0.5.1
132 silly currentTree ├── core-js@2.4.1
132 silly currentTree ├── docxtemplater@3.0.2
132 silly currentTree ├── escape-string-regexp@1.0.5
132 silly currentTree ├── has-ansi@0.1.0
132 silly currentTree ├── jquery@2.2.4
132 silly currentTree ├── jsondiffpatch@0.1.43
132 silly currentTree ├── jszip@2.6.1
132 silly currentTree ├─┬ meteor-node-stubs@0.2.4
132 silly currentTree │ ├── asn1.js@4.9.0
132 silly currentTree │ ├── assert@1.4.1
132 silly currentTree │ ├── base64-js@1.2.0
132 silly currentTree │ ├── Base64@0.2.1
132 silly currentTree │ ├── bn.js@4.11.6
132 silly currentTree │ ├── brorand@1.0.6
132 silly currentTree │ ├── browserify-aes@1.0.6
132 silly currentTree │ ├── browserify-cipher@1.0.0
132 silly currentTree │ ├── browserify-des@1.0.0
132 silly currentTree │ ├── browserify-rsa@4.0.1
132 silly currentTree │ ├── browserify-sign@4.0.0
132 silly currentTree │ ├── browserify-zlib@0.1.4
132 silly currentTree │ ├── buffer-shims@1.0.0
132 silly currentTree │ ├── buffer-xor@1.0.3
132 silly currentTree │ ├── buffer@4.9.1
132 silly currentTree │ ├── cipher-base@1.0.3
132 silly currentTree │ ├── console-browserify@1.1.0
132 silly currentTree │ ├── constants-browserify@1.0.0
132 silly currentTree │ ├── core-util-is@1.0.2
132 silly currentTree │ ├── create-ecdh@4.0.0
132 silly currentTree │ ├── create-hash@1.1.2
132 silly currentTree │ ├── create-hmac@1.1.4
132 silly currentTree │ ├── crypto-browserify@3.11.0
132 silly currentTree │ ├── date-now@0.1.4
132 silly currentTree │ ├── des.js@1.0.0
132 silly currentTree │ ├── diffie-hellman@5.0.2
132 silly currentTree │ ├── domain-browser@1.1.7
132 silly currentTree │ ├── elliptic@6.3.2
132 silly currentTree │ ├── events@1.1.1
132 silly currentTree │ ├── evp_bytestokey@1.0.0
132 silly currentTree │ ├── hash.js@1.0.3
132 silly currentTree │ ├── http-browserify@1.7.0
132 silly currentTree │ ├── https-browserify@0.0.1
132 silly currentTree │ ├── ieee754@1.1.8
132 silly currentTree │ ├── indexof@0.0.1
132 silly currentTree │ ├── inherits@2.0.1
132 silly currentTree │ ├── isarray@1.0.0
132 silly currentTree │ ├── miller-rabin@4.0.0
132 silly currentTree │ ├── minimalistic-assert@1.0.0
132 silly currentTree │ ├── os-browserify@0.2.1
132 silly currentTree │ ├── pako@0.2.9
132 silly currentTree │ ├── parse-asn1@5.0.0
132 silly currentTree │ ├── path-browserify@0.0.0
132 silly currentTree │ ├── pbkdf2@3.0.9
132 silly currentTree │ ├── process-nextick-args@1.0.7
132 silly currentTree │ ├── process@0.11.9
132 silly currentTree │ ├── public-encrypt@4.0.0
132 silly currentTree │ ├── punycode@1.4.1
132 silly currentTree │ ├── querystring-es3@0.2.1
132 silly currentTree │ ├── querystring@0.2.0
132 silly currentTree │ ├── randombytes@2.0.3
132 silly currentTree │ ├── readable-stream@2.2.1
132 silly currentTree │ ├── ripemd160@1.0.1
132 silly currentTree │ ├── sha.js@2.4.8
132 silly currentTree │ ├── stream-browserify@2.0.1
132 silly currentTree │ ├── string_decoder@0.10.31
132 silly currentTree │ ├── timers-browserify@1.4.2
132 silly currentTree │ ├── tty-browserify@0.0.0
132 silly currentTree │ ├─┬ url@0.11.0
132 silly currentTree │ │ └── punycode@1.3.2
132 silly currentTree │ ├── util-deprecate@1.0.2
132 silly currentTree │ ├── util@0.10.3
132 silly currentTree │ └── vm-browserify@0.0.4
132 silly currentTree ├── mustache@2.3.0
132 silly currentTree ├── nya-bootstrap-select@2.0.11
132 silly currentTree ├── pako@1.0.4
132 silly currentTree ├── regenerator-runtime@0.10.1
132 silly currentTree ├── strip-ansi@0.3.0
132 silly currentTree ├── supports-color@0.2.0
132 silly currentTree ├── tether@1.4.0
132 silly currentTree ├── underscore@1.8.3
132 silly currentTree └── xmldom@0.1.27
133 silly idealTree quickproject@1.0.0
133 silly idealTree ├── angular-meteor@1.3.11
133 silly idealTree ├── angular-notify@2.5.0
133 silly idealTree ├── angular-ui-router@0.3.2
133 silly idealTree ├── angular@1.6.1
133 silly idealTree ├── ansi-regex@0.2.1
133 silly idealTree ├── ansi-styles@1.1.0
133 silly idealTree ├── babel-runtime@6.20.0
133 silly idealTree ├── bcrypt@0.8.7
133 silly idealTree ├── bindings@1.2.1
133 silly idealTree ├── bootstrap@4.0.0-alpha.5
133 silly idealTree ├── chalk@0.5.1
133 silly idealTree ├── core-js@2.4.1
133 silly idealTree ├── docxtemplater@3.0.2
133 silly idealTree ├── escape-string-regexp@1.0.5
133 silly idealTree ├── has-ansi@0.1.0
133 silly idealTree ├── jquery@2.2.4
133 silly idealTree ├── jsondiffpatch@0.1.43
133 silly idealTree ├── jszip@2.6.1
133 silly idealTree ├─┬ meteor-node-stubs@0.2.4
133 silly idealTree │ ├── asn1.js@4.9.0
133 silly idealTree │ ├── assert@1.4.1
133 silly idealTree │ ├── base64-js@1.2.0
133 silly idealTree │ ├── Base64@0.2.1
133 silly idealTree │ ├── bn.js@4.11.6
133 silly idealTree │ ├── brorand@1.0.6
133 silly idealTree │ ├── browserify-aes@1.0.6
133 silly idealTree │ ├── browserify-cipher@1.0.0
133 silly idealTree │ ├── browserify-des@1.0.0
133 silly idealTree │ ├── browserify-rsa@4.0.1
133 silly idealTree │ ├── browserify-sign@4.0.0
133 silly idealTree │ ├── browserify-zlib@0.1.4
133 silly idealTree │ ├── buffer-shims@1.0.0
133 silly idealTree │ ├── buffer-xor@1.0.3
133 silly idealTree │ ├── buffer@4.9.1
133 silly idealTree │ ├── cipher-base@1.0.3
133 silly idealTree │ ├── console-browserify@1.1.0
133 silly idealTree │ ├── constants-browserify@1.0.0
133 silly idealTree │ ├── core-util-is@1.0.2
133 silly idealTree │ ├── create-ecdh@4.0.0
133 silly idealTree │ ├── create-hash@1.1.2
133 silly idealTree │ ├── create-hmac@1.1.4
133 silly idealTree │ ├── crypto-browserify@3.11.0
133 silly idealTree │ ├── date-now@0.1.4
133 silly idealTree │ ├── des.js@1.0.0
133 silly idealTree │ ├── diffie-hellman@5.0.2
133 silly idealTree │ ├── domain-browser@1.1.7
133 silly idealTree │ ├── elliptic@6.3.2
133 silly idealTree │ ├── events@1.1.1
133 silly idealTree │ ├── evp_bytestokey@1.0.0
133 silly idealTree │ ├── hash.js@1.0.3
133 silly idealTree │ ├── http-browserify@1.7.0
133 silly idealTree │ ├── https-browserify@0.0.1
133 silly idealTree │ ├── ieee754@1.1.8
133 silly idealTree │ ├── indexof@0.0.1
133 silly idealTree │ ├── inherits@2.0.1
133 silly idealTree │ ├── isarray@1.0.0
133 silly idealTree │ ├── miller-rabin@4.0.0
133 silly idealTree │ ├── minimalistic-assert@1.0.0
133 silly idealTree │ ├── os-browserify@0.2.1
133 silly idealTree │ ├── pako@0.2.9
133 silly idealTree │ ├── parse-asn1@5.0.0
133 silly idealTree │ ├── path-browserify@0.0.0
133 silly idealTree │ ├── pbkdf2@3.0.9
133 silly idealTree │ ├── process-nextick-args@1.0.7
133 silly idealTree │ ├── process@0.11.9
133 silly idealTree │ ├── public-encrypt@4.0.0
133 silly idealTree │ ├── punycode@1.4.1
133 silly idealTree │ ├── querystring-es3@0.2.1
133 silly idealTree │ ├── querystring@0.2.0
133 silly idealTree │ ├── randombytes@2.0.3
133 silly idealTree │ ├── readable-stream@2.2.1
133 silly idealTree │ ├── ripemd160@1.0.1
133 silly idealTree │ ├── sha.js@2.4.8
133 silly idealTree │ ├── stream-browserify@2.0.1
133 silly idealTree │ ├── string_decoder@0.10.31
133 silly idealTree │ ├── timers-browserify@1.4.2
133 silly idealTree │ ├── tty-browserify@0.0.0
133 silly idealTree │ ├─┬ url@0.11.0
133 silly idealTree │ │ └── punycode@1.3.2
133 silly idealTree │ ├── util-deprecate@1.0.2
133 silly idealTree │ ├── util@0.10.3
133 silly idealTree │ └── vm-browserify@0.0.4
133 silly idealTree ├── mustache@2.3.0
133 silly idealTree ├── nan@2.3.5
133 silly idealTree ├── nya-bootstrap-select@2.0.11
133 silly idealTree ├── pako@1.0.4
133 silly idealTree ├── regenerator-runtime@0.10.1
133 silly idealTree ├── strip-ansi@0.3.0
133 silly idealTree ├── supports-color@0.2.0
133 silly idealTree ├── tether@1.4.0
133 silly idealTree ├── underscore@1.8.3
133 silly idealTree └── xmldom@0.1.27
134 silly generateActionsToTake Starting
135 silly install generateActionsToTake
136 silly generateActionsToTake Finishing
137 silly diffTrees action count 3
138 silly diffTrees add bindings@1.2.1
139 silly diffTrees add nan@2.3.5
140 silly diffTrees add bcrypt@0.8.7
141 silly decomposeActions action count 24
142 silly decomposeActions fetch bindings@1.2.1
143 silly decomposeActions extract bindings@1.2.1
144 silly decomposeActions test bindings@1.2.1
145 silly decomposeActions preinstall bindings@1.2.1
146 silly decomposeActions build bindings@1.2.1
147 silly decomposeActions install bindings@1.2.1
148 silly decomposeActions postinstall bindings@1.2.1
149 silly decomposeActions finalize bindings@1.2.1
150 silly decomposeActions fetch nan@2.3.5
151 silly decomposeActions extract nan@2.3.5
152 silly decomposeActions test nan@2.3.5
153 silly decomposeActions preinstall nan@2.3.5
154 silly decomposeActions build nan@2.3.5
155 silly decomposeActions install nan@2.3.5
156 silly decomposeActions postinstall nan@2.3.5
157 silly decomposeActions finalize nan@2.3.5
158 silly decomposeActions fetch bcrypt@0.8.7
159 silly decomposeActions extract bcrypt@0.8.7
160 silly decomposeActions test bcrypt@0.8.7
161 silly decomposeActions preinstall bcrypt@0.8.7
162 silly decomposeActions build bcrypt@0.8.7
163 silly decomposeActions install bcrypt@0.8.7
164 silly decomposeActions postinstall bcrypt@0.8.7
165 silly decomposeActions finalize bcrypt@0.8.7
166 silly executeActions Starting
167 silly install executeActions
168 silly doSerial global-install 0
169 silly doParallel fetch 3
170 verbose correctMkdir /root/.npm/_locks correctMkdir not in flight; initializing
171 verbose lock using /root/.npm/_locks/staging-5791cb12f4e00fc6.lock for /home/laptop/work/QA/quickProject/node_modules/.staging
172 silly doParallel extract 3
173 silly extract bindings@1.2.1
174 silly extract nan@2.3.5
175 silly extract bcrypt@0.8.7
176 verbose unbuild node_modules/.staging/bindings-e595dd4c
177 verbose unbuild node_modules/.staging/nan-5198bae8
178 verbose unbuild node_modules/.staging/bcrypt-07c1c011
179 silly gentlyRm /home/laptop/work/QA/quickProject/node_modules/.staging/bindings-e595dd4c is being purged from base /home/laptop/work/QA/quickProject
180 verbose gentlyRm don't care about contents; nuking /home/laptop/work/QA/quickProject/node_modules/.staging/bindings-e595dd4c
181 silly gentlyRm /home/laptop/work/QA/quickProject/node_modules/.staging/nan-5198bae8 is being purged from base /home/laptop/work/QA/quickProject
182 verbose gentlyRm don't care about contents; nuking /home/laptop/work/QA/quickProject/node_modules/.staging/nan-5198bae8
183 silly gentlyRm /home/laptop/work/QA/quickProject/node_modules/.staging/bcrypt-07c1c011 is being purged from base /home/laptop/work/QA/quickProject
184 verbose gentlyRm don't care about contents; nuking /home/laptop/work/QA/quickProject/node_modules/.staging/bcrypt-07c1c011
185 verbose tar unpack /root/.npm/bindings/1.2.1/package.tgz
186 verbose tar unpacking to /home/laptop/work/QA/quickProject/node_modules/.staging/bindings-e595dd4c
187 silly gentlyRm /home/laptop/work/QA/quickProject/node_modules/.staging/bindings-e595dd4c is being purged
188 verbose gentlyRm don't care about contents; nuking /home/laptop/work/QA/quickProject/node_modules/.staging/bindings-e595dd4c
189 verbose tar unpack /root/.npm/nan/2.3.5/package.tgz
190 verbose tar unpacking to /home/laptop/work/QA/quickProject/node_modules/.staging/nan-5198bae8
191 silly gentlyRm /home/laptop/work/QA/quickProject/node_modules/.staging/nan-5198bae8 is being purged
192 verbose gentlyRm don't care about contents; nuking /home/laptop/work/QA/quickProject/node_modules/.staging/nan-5198bae8
193 verbose tar unpack /root/.npm/bcrypt/0.8.7/package.tgz
194 verbose tar unpacking to /home/laptop/work/QA/quickProject/node_modules/.staging/bcrypt-07c1c011
195 silly gentlyRm /home/laptop/work/QA/quickProject/node_modules/.staging/bcrypt-07c1c011 is being purged
196 verbose gentlyRm don't care about contents; nuking /home/laptop/work/QA/quickProject/node_modules/.staging/bcrypt-07c1c011
197 silly gunzTarPerm modes [ '755', '644' ]
198 silly gunzTarPerm modes [ '755', '644' ]
199 silly gunzTarPerm modes [ '755', '644' ]
200 silly gunzTarPerm extractEntry package.json
201 silly gunzTarPerm extractEntry package.json
202 silly gunzTarPerm modified mode [ 'package.json', 436, 420 ]
203 silly gunzTarPerm extractEntry package.json
204 silly gunzTarPerm extractEntry README.md
205 silly gunzTarPerm extractEntry bindings.js
206 silly gunzTarPerm extractEntry README.md
207 silly gunzTarPerm modified mode [ 'README.md', 436, 420 ]
208 silly gunzTarPerm extractEntry .npmignore
209 silly gunzTarPerm extractEntry README.md
210 silly gunzTarPerm extractEntry include_dirs.js
211 silly gunzTarPerm modified mode [ 'include_dirs.js', 436, 420 ]
212 silly gunzTarPerm extractEntry LICENSE
213 silly gunzTarPerm extractEntry bcrypt.js
214 silly gunzTarPerm extractEntry Makefile
215 silly gunzTarPerm extractEntry .travis.yml
216 silly gunzTarPerm extractEntry CHANGELOG.md
217 silly gunzTarPerm extractEntry binding.gyp
218 silly gunzTarPerm extractEntry examples/async_compare.js
219 silly gunzTarPerm extractEntry examples/forever_gen_salt.js
220 silly gunzTarPerm extractEntry test/async.js
221 silly gunzTarPerm extractEntry test/repetitions.js
222 silly gunzTarPerm extractEntry test/sync.js
223 silly gunzTarPerm extractEntry ISSUE_TEMPLATE.md
224 silly gunzTarPerm extractEntry src/bcrypt.cc
225 silly gunzTarPerm extractEntry src/bcrypt_node.cc
226 silly gunzTarPerm extractEntry src/blowfish.cc
227 silly gunzTarPerm extractEntry src/node_blf.h
228 silly gunzTarPerm extractEntry werker.yml
229 silly gunzTarPerm extractEntry nan_converters.h
230 silly gunzTarPerm modified mode [ 'nan_converters.h', 436, 420 ]
231 silly gunzTarPerm extractEntry LICENSE.md
232 silly gunzTarPerm modified mode [ 'LICENSE.md', 436, 420 ]
233 silly gunzTarPerm extractEntry doc/node_misc.md
234 silly gunzTarPerm modified mode [ 'doc/node_misc.md', 436, 420 ]
235 silly gunzTarPerm extractEntry doc/asyncworker.md
236 silly gunzTarPerm modified mode [ 'doc/asyncworker.md', 436, 420 ]
237 silly gunzTarPerm extractEntry doc/callback.md
238 silly gunzTarPerm modified mode [ 'doc/callback.md', 436, 420 ]
239 silly gunzTarPerm extractEntry doc/converters.md
240 silly gunzTarPerm modified mode [ 'doc/converters.md', 436, 420 ]
241 silly gunzTarPerm extractEntry doc/errors.md
242 silly gunzTarPerm modified mode [ 'doc/errors.md', 436, 420 ]
243 silly gunzTarPerm extractEntry doc/maybe_types.md
244 silly gunzTarPerm modified mode [ 'doc/maybe_types.md', 436, 420 ]
245 silly gentlyRm /home/laptop/work/QA/quickProject/node_modules/.staging/bindings-e595dd4c/node_modules is being purged
246 verbose gentlyRm don't care about contents; nuking /home/laptop/work/QA/quickProject/node_modules/.staging/bindings-e595dd4c/node_modules
247 silly gunzTarPerm extractEntry doc/methods.md
248 silly gunzTarPerm modified mode [ 'doc/methods.md', 436, 420 ]
249 silly gunzTarPerm extractEntry doc/new.md
250 silly gunzTarPerm modified mode [ 'doc/new.md', 436, 420 ]
251 silly gunzTarPerm extractEntry doc/buffers.md
252 silly gunzTarPerm modified mode [ 'doc/buffers.md', 436, 420 ]
253 silly gunzTarPerm extractEntry doc/object_wrappers.md
254 silly gunzTarPerm modified mode [ 'doc/object_wrappers.md', 436, 420 ]
255 silly gunzTarPerm extractEntry doc/persistent.md
256 silly gunzTarPerm modified mode [ 'doc/persistent.md', 436, 420 ]
257 silly gunzTarPerm extractEntry doc/scopes.md
258 silly gunzTarPerm modified mode [ 'doc/scopes.md', 436, 420 ]
259 silly gunzTarPerm extractEntry doc/script.md
260 silly gunzTarPerm modified mode [ 'doc/script.md', 436, 420 ]
261 silly gunzTarPerm extractEntry doc/string_bytes.md
262 silly gunzTarPerm modified mode [ 'doc/string_bytes.md', 436, 420 ]
263 silly gunzTarPerm extractEntry doc/v8_internals.md
264 silly gunzTarPerm modified mode [ 'doc/v8_internals.md', 436, 420 ]
265 silly gunzTarPerm extractEntry doc/v8_misc.md
266 silly gunzTarPerm modified mode [ 'doc/v8_misc.md', 436, 420 ]
267 silly gunzTarPerm extractEntry nan.h
268 silly gunzTarPerm modified mode [ 'nan.h', 436, 420 ]
269 silly gunzTarPerm extractEntry nan_callbacks.h
270 silly gunzTarPerm modified mode [ 'nan_callbacks.h', 436, 420 ]
271 silly gunzTarPerm extractEntry nan_callbacks_12_inl.h
272 silly gunzTarPerm modified mode [ 'nan_callbacks_12_inl.h', 436, 420 ]
273 silly gunzTarPerm extractEntry nan_callbacks_pre_12_inl.h
274 silly gunzTarPerm modified mode [ 'nan_callbacks_pre_12_inl.h', 436, 420 ]
275 silly gunzTarPerm extractEntry nan_converters_43_inl.h
276 silly gunzTarPerm modified mode [ 'nan_converters_43_inl.h', 436, 420 ]
277 silly gunzTarPerm extractEntry nan_converters_pre_43_inl.h
278 silly gunzTarPerm modified mode [ 'nan_converters_pre_43_inl.h', 436, 420 ]
279 silly gunzTarPerm extractEntry nan_implementation_12_inl.h
280 silly gunzTarPerm modified mode [ 'nan_implementation_12_inl.h', 436, 420 ]
281 silly gunzTarPerm extractEntry nan_implementation_pre_12_inl.h
282 silly gunzTarPerm modified mode [ 'nan_implementation_pre_12_inl.h', 436, 420 ]
283 silly gunzTarPerm extractEntry nan_maybe_43_inl.h
284 silly gunzTarPerm modified mode [ 'nan_maybe_43_inl.h', 436, 420 ]
285 silly gunzTarPerm extractEntry nan_maybe_pre_43_inl.h
286 silly gunzTarPerm modified mode [ 'nan_maybe_pre_43_inl.h', 436, 420 ]
287 silly gunzTarPerm extractEntry nan_new.h
288 silly gunzTarPerm modified mode [ 'nan_new.h', 436, 420 ]
289 silly gunzTarPerm extractEntry nan_object_wrap.h
290 silly gunzTarPerm modified mode [ 'nan_object_wrap.h', 436, 420 ]
291 silly gunzTarPerm extractEntry nan_persistent_12_inl.h
292 silly gunzTarPerm modified mode [ 'nan_persistent_12_inl.h', 436, 420 ]
293 silly gunzTarPerm extractEntry nan_persistent_pre_12_inl.h
294 silly gunzTarPerm modified mode [ 'nan_persistent_pre_12_inl.h', 436, 420 ]
295 silly gunzTarPerm extractEntry nan_string_bytes.h
296 silly gunzTarPerm modified mode [ 'nan_string_bytes.h', 436, 420 ]
297 silly gunzTarPerm extractEntry nan_typedarray_contents.h
298 silly gunzTarPerm modified mode [ 'nan_typedarray_contents.h', 436, 420 ]
299 silly gunzTarPerm extractEntry nan_weak.h
300 silly gunzTarPerm modified mode [ 'nan_weak.h', 436, 420 ]
301 silly gunzTarPerm extractEntry CHANGELOG.md
302 silly gunzTarPerm modified mode [ 'CHANGELOG.md', 436, 420 ]
303 silly gunzTarPerm extractEntry tools/package.json
304 silly gunzTarPerm modified mode [ 'tools/package.json', 436, 420 ]
305 silly gunzTarPerm extractEntry tools/README.md
306 silly gunzTarPerm modified mode [ 'tools/README.md', 436, 420 ]
307 silly gunzTarPerm extractEntry tools/1to2.js
308 silly gunzTarPerm modified mode [ 'tools/1to2.js', 509, 493 ]
309 silly gentlyRm /home/laptop/work/QA/quickProject/node_modules/.staging/bcrypt-07c1c011/node_modules is being purged
310 verbose gentlyRm don't care about contents; nuking /home/laptop/work/QA/quickProject/node_modules/.staging/bcrypt-07c1c011/node_modules
311 silly gentlyRm /home/laptop/work/QA/quickProject/node_modules/.staging/nan-5198bae8/node_modules is being purged
312 verbose gentlyRm don't care about contents; nuking /home/laptop/work/QA/quickProject/node_modules/.staging/nan-5198bae8/node_modules
313 silly doParallel preinstall 3
314 silly preinstall bindings@1.2.1 /home/laptop/work/QA/quickProject/node_modules/.staging/bindings-e595dd4c
315 info lifecycle bindings@1.2.1~preinstall: bindings@1.2.1
316 silly preinstall nan@2.3.5 /home/laptop/work/QA/quickProject/node_modules/.staging/nan-5198bae8
317 info lifecycle nan@2.3.5~preinstall: nan@2.3.5
318 silly preinstall bcrypt@0.8.7 /home/laptop/work/QA/quickProject/node_modules/.staging/bcrypt-07c1c011
319 info lifecycle bcrypt@0.8.7~preinstall: bcrypt@0.8.7
320 silly lifecycle bindings@1.2.1~preinstall: no script for preinstall, continuing
321 silly lifecycle nan@2.3.5~preinstall: no script for preinstall, continuing
322 silly lifecycle bcrypt@0.8.7~preinstall: no script for preinstall, continuing
323 silly doReverseSerial remove 0
324 silly doSerial move 0
325 silly doSerial finalize 3
326 silly finalize /home/laptop/work/QA/quickProject/node_modules/bindings
327 silly finalize /home/laptop/work/QA/quickProject/node_modules/nan
328 silly finalize /home/laptop/work/QA/quickProject/node_modules/bcrypt
329 silly doSerial build 3
330 silly build bindings@1.2.1
331 info linkStuff bindings@1.2.1
332 silly linkStuff bindings@1.2.1 has /home/laptop/work/QA/quickProject/node_modules as its parent node_modules
333 verbose linkBins bindings@1.2.1
334 verbose linkMans bindings@1.2.1
335 silly build nan@2.3.5
336 info linkStuff nan@2.3.5
337 silly linkStuff nan@2.3.5 has /home/laptop/work/QA/quickProject/node_modules as its parent node_modules
338 verbose linkBins nan@2.3.5
339 verbose linkMans nan@2.3.5
340 silly build bcrypt@0.8.7
341 info linkStuff bcrypt@0.8.7
342 silly linkStuff bcrypt@0.8.7 has /home/laptop/work/QA/quickProject/node_modules as its parent node_modules
343 verbose linkBins bcrypt@0.8.7
344 verbose linkMans bcrypt@0.8.7
345 silly doSerial global-link 0
346 silly doParallel update-linked 0
347 silly doSerial install 3
348 silly install bindings@1.2.1 /home/laptop/work/QA/quickProject/node_modules/.staging/bindings-e595dd4c
349 info lifecycle bindings@1.2.1~install: bindings@1.2.1
350 silly lifecycle bindings@1.2.1~install: no script for install, continuing
351 silly install nan@2.3.5 /home/laptop/work/QA/quickProject/node_modules/.staging/nan-5198bae8
352 info lifecycle nan@2.3.5~install: nan@2.3.5
353 silly lifecycle nan@2.3.5~install: no script for install, continuing
354 silly install bcrypt@0.8.7 /home/laptop/work/QA/quickProject/node_modules/.staging/bcrypt-07c1c011
355 info lifecycle bcrypt@0.8.7~install: bcrypt@0.8.7
356 verbose lifecycle bcrypt@0.8.7~install: unsafe-perm in lifecycle false
357 verbose lifecycle bcrypt@0.8.7~install: PATH: /opt/nodeJS/lib/node_modules/npm/bin/node-gyp-bin:/home/laptop/work/QA/quickProject/node_modules/bcrypt/node_modules/.bin:/home/laptop/work/QA/quickProject/node_modules/.bin:/opt/nodeJS/bin:/opt/composer/bin/:/opt/nodeJS/bin/:/opt/mongo/bin:/opt/android-sdk-linux/platform-tools/:/opt/android-sdk-linux/tools/:/opt/sublime_text/:/usr/local/sbin:/usr/local/bin:/usr/sbin:/usr/bin:/sbin:/bin
358 verbose lifecycle bcrypt@0.8.7~install: CWD: /home/laptop/work/QA/quickProject/node_modules/bcrypt
359 silly lifecycle bcrypt@0.8.7~install: Args: [ '-c', 'node-gyp rebuild' ]
360 silly lifecycle bcrypt@0.8.7~install: Returned: code: 1  signal: null
361 info lifecycle bcrypt@0.8.7~install: Failed to exec install script
362 verbose unlock done using /root/.npm/_locks/staging-5791cb12f4e00fc6.lock for /home/laptop/work/QA/quickProject/node_modules/.staging
363 silly rollbackFailedOptional Starting
364 silly rollbackFailedOptional Finishing
365 silly runTopLevelLifecycles Starting
366 silly runTopLevelLifecycles Finishing
367 silly install printInstalled
368 verbose stack Error: bcrypt@0.8.7 install: `node-gyp rebuild`
368 verbose stack Exit status 1
368 verbose stack     at EventEmitter.<anonymous> (/opt/nodeJS/lib/node_modules/npm/lib/utils/lifecycle.js:242:16)
368 verbose stack     at emitTwo (events.js:87:13)
368 verbose stack     at EventEmitter.emit (events.js:172:7)
368 verbose stack     at ChildProcess.<anonymous> (/opt/nodeJS/lib/node_modules/npm/lib/utils/spawn.js:40:14)
368 verbose stack     at emitTwo (events.js:87:13)
368 verbose stack     at ChildProcess.emit (events.js:172:7)
368 verbose stack     at maybeClose (internal/child_process.js:827:16)
368 verbose stack     at Process.ChildProcess._handle.onexit (internal/child_process.js:211:5)
369 verbose pkgid bcrypt@0.8.7
370 verbose cwd /home/laptop/work/QA/quickProject
371 error Linux 3.16.0-4-686-pae
372 error argv "/opt/nodeJS/bin/node" "/opt/nodeJS/bin/npm" "install"
373 error node v4.4.7
374 error npm  v3.10.5
375 error code ELIFECYCLE
376 error bcrypt@0.8.7 install: `node-gyp rebuild`
376 error Exit status 1
377 error Failed at the bcrypt@0.8.7 install script 'node-gyp rebuild'.
377 error Make sure you have the latest version of node.js and npm installed.
377 error If you do, this is most likely a problem with the bcrypt package,
377 error not with npm itself.
377 error Tell the author that this fails on your system:
377 error     node-gyp rebuild
377 error You can get information on how to open an issue for this project with:
377 error     npm bugs bcrypt
377 error Or if that isn't available, you can get their info via:
377 error     npm owner ls bcrypt
377 error There is likely additional logging output above.
378 verbose exit [ 1, true ]
